Compiling the C compiler identification source file "CMakeCCompilerId.c" failed.
Compiler: /home/magno/.espressif/tools/xtensa-esp32-elf/1.22.0-80-g6c4433a-5.2.0/xtensa-esp32-elf/bin/xtensa-esp32-elf-gcc 
Build flags: -mlongcalls
Id flags:  

The output was:
1
/home/magno/.espressif/tools/xtensa-esp32-elf/1.22.0-80-g6c4433a-5.2.0/xtensa-esp32-elf/bin/../lib/gcc/xtensa-esp32-elf/5.2.0/../../../../xtensa-esp32-elf/bin/ld: cannot find crt1-sim.o: No such file or directory
/home/magno/.espressif/tools/xtensa-esp32-elf/1.22.0-80-g6c4433a-5.2.0/xtensa-esp32-elf/bin/../lib/gcc/xtensa-esp32-elf/5.2.0/../../../../xtensa-esp32-elf/bin/ld: cannot find _vectors.o: No such file or directory
/home/magno/.espressif/tools/xtensa-esp32-elf/1.22.0-80-g6c4433a-5.2.0/xtensa-esp32-elf/bin/../lib/gcc/xtensa-esp32-elf/5.2.0/../../../../xtensa-esp32-elf/bin/ld: cannot find -lsim
/home/magno/.espressif/tools/xtensa-esp32-elf/1.22.0-80-g6c4433a-5.2.0/xtensa-esp32-elf/bin/../lib/gcc/xtensa-esp32-elf/5.2.0/../../../../xtensa-esp32-elf/bin/ld: cannot find -lhandlers-sim
/home/magno/.espressif/tools/xtensa-esp32-elf/1.22.0-80-g6c4433a-5.2.0/xtensa-esp32-elf/bin/../lib/gcc/xtensa-esp32-elf/5.2.0/../../../../xtensa-esp32-elf/bin/ld: cannot find -lhal
collect2: error: ld returned 1 exit status


Compiling the CXX compiler identification source file "CMakeCXXCompilerId.cpp" failed.
Compiler: /home/magno/.espressif/tools/xtensa-esp32-elf/1.22.0-80-g6c4433a-5.2.0/xtensa-esp32-elf/bin/xtensa-esp32-elf-g++ 
Build flags: -mlongcalls
Id flags:  

The output was:
1
/home/magno/.espressif/tools/xtensa-esp32-elf/1.22.0-80-g6c4433a-5.2.0/xtensa-esp32-elf/bin/../lib/gcc/xtensa-esp32-elf/5.2.0/../../../../xtensa-esp32-elf/bin/ld: cannot find crt1-sim.o: No such file or directory
/home/magno/.espressif/tools/xtensa-esp32-elf/1.22.0-80-g6c4433a-5.2.0/xtensa-esp32-elf/bin/../lib/gcc/xtensa-esp32-elf/5.2.0/../../../../xtensa-esp32-elf/bin/ld: cannot find _vectors.o: No such file or directory
/home/magno/.espressif/tools/xtensa-esp32-elf/1.22.0-80-g6c4433a-5.2.0/xtensa-esp32-elf/bin/../lib/gcc/xtensa-esp32-elf/5.2.0/../../../../xtensa-esp32-elf/bin/ld: cannot find -lsim
/home/magno/.espressif/tools/xtensa-esp32-elf/1.22.0-80-g6c4433a-5.2.0/xtensa-esp32-elf/bin/../lib/gcc/xtensa-esp32-elf/5.2.0/../../../../xtensa-esp32-elf/bin/ld: cannot find -lhandlers-sim
/home/magno/.espressif/tools/xtensa-esp32-elf/1.22.0-80-g6c4433a-5.2.0/xtensa-esp32-elf/bin/../lib/gcc/xtensa-esp32-elf/5.2.0/../../../../xtensa-esp32-elf/bin/ld: cannot find -lhal
collect2: error: ld returned 1 exit status


